<?xml version="1.0" encoding="UTF-8"?>
<testsuites>
  <testsuite name="Module 7 Advanced Configuration" timestamp="2023-05-27T18:22:11" time="5.908" tests="4" failures="0" errors="0" skipped="0">
    <properties>
      <property name="specId" value="0"/>
      <property name="suiteName" value="Module 7: Advanced Configuration"/>
      <property name="capabilities" value="chrome.113_0_5672_127.windows"/>
      <property name="file" value="file:///D:/ASMT%20test%20frameworks/husky%20readme%20repo/POmodel/src/tests/doctors.spec.js"/>
    </properties>
    <testcase classname="chrome.113_0_5672_127.windows.Module_7:_Advanced_Configuration" name="should open page" time="3.883">
      <system-out><![CDATA[
COMMAND: POST /session/7c7d8e6a95baec45f5dec55fedde9899/url - {"url":"https://ej2.syncfusion.com/showcase/angular/appointmentplanner/#/dashboard"}
RESULT: {"url":"https://ej2.syncfusion.com/showcase/angular/appointmentplanner/#/dashboard"}
COMMAND: GET /session/7c7d8e6a95baec45f5dec55fedde9899/title - {}
RESULT: {}
]]></system-out>
    </testcase>
    <testcase classname="chrome.113_0_5672_127.windows.Module_7:_Advanced_Configuration" name="should open modal" time="0.699">
      <system-out><![CDATA[
COMMAND: POST /session/7c7d8e6a95baec45f5dec55fedde9899/url - {"url":"https://ej2.syncfusion.com/showcase/angular/appointmentplanner/#/dashboard"}
RESULT: {"url":"https://ej2.syncfusion.com/showcase/angular/appointmentplanner/#/dashboard"}
COMMAND: POST /session/7c7d8e6a95baec45f5dec55fedde9899/element - {"using":"css selector","value":"#plannerSiderBar"}
RESULT: {"using":"css selector","value":"#plannerSiderBar"}
COMMAND: POST /session/7c7d8e6a95baec45f5dec55fedde9899/element/12FA815EFF60F285BC537F8F8EEEF739_element_52/element - {"using":"css selector","value":"[routerlink='/doctors']"}
RESULT: {"using":"css selector","value":"[routerlink='/doctors']"}
COMMAND: POST /session/7c7d8e6a95baec45f5dec55fedde9899/element/12FA815EFF60F285BC537F8F8EEEF739_element_53/click - {}
RESULT: {}
COMMAND: POST /session/7c7d8e6a95baec45f5dec55fedde9899/element - {"using":"css selector","value":".specialization-types"}
RESULT: {"using":"css selector","value":".specialization-types"}
COMMAND: POST /session/7c7d8e6a95baec45f5dec55fedde9899/element/12FA815EFF60F285BC537F8F8EEEF739_element_64/element - {"using":"css selector","value":"button.e-control"}
RESULT: {"using":"css selector","value":"button.e-control"}
COMMAND: POST /session/7c7d8e6a95baec45f5dec55fedde9899/element/12FA815EFF60F285BC537F8F8EEEF739_element_62/click - {}
RESULT: {}
COMMAND: POST /session/7c7d8e6a95baec45f5dec55fedde9899/element - {"using":"css selector","value":".new-doctor-dialog"}
RESULT: {"using":"css selector","value":".new-doctor-dialog"}
COMMAND: POST /session/7c7d8e6a95baec45f5dec55fedde9899/execute/sync - {"script":"return (function isElementDisplayed(element) {\n    function nodeIsElement(node) {\n        if (!node) {\n            return false;\n        }\n        switch (node.nodeType) {\n            case Node.ELEMEN ... (7807 more bytes)","args":[{"element-6066-11e4-a52e-4f735466cecf":"12FA815EFF60F285BC537F8F8EEEF739_element_67","ELEMENT":"12FA815EFF60F285BC537F8F8EEEF739_element_67"}]}
RESULT: {"script":"return (function isElementDisplayed(element) {\n    function nodeIsElement(node) {\n        if (!node) {\n            return false;\n        }\n        switch (node.nodeType) {\n            case Node.ELEMEN ... (7807 more bytes)","args":[{"element-6066-11e4-a52e-4f735466cecf":"12FA815EFF60F285BC537F8F8EEEF739_element_67","ELEMENT":"12FA815EFF60F285BC537F8F8EEEF739_element_67"}]}
]]></system-out>
    </testcase>
    <testcase classname="chrome.113_0_5672_127.windows.Module_7:_Advanced_Configuration" name="should add doctor" time="0.949">
      <system-out><![CDATA[
COMMAND: POST /session/7c7d8e6a95baec45f5dec55fedde9899/url - {"url":"https://ej2.syncfusion.com/showcase/angular/appointmentplanner/#/dashboard"}
RESULT: {"url":"https://ej2.syncfusion.com/showcase/angular/appointmentplanner/#/dashboard"}
COMMAND: POST /session/7c7d8e6a95baec45f5dec55fedde9899/element - {"using":"css selector","value":"#plannerSiderBar"}
RESULT: {"using":"css selector","value":"#plannerSiderBar"}
COMMAND: POST /session/7c7d8e6a95baec45f5dec55fedde9899/element/12FA815EFF60F285BC537F8F8EEEF739_element_52/element - {"using":"css selector","value":"[routerlink='/doctors']"}
RESULT: {"using":"css selector","value":"[routerlink='/doctors']"}
COMMAND: POST /session/7c7d8e6a95baec45f5dec55fedde9899/execute/sync - {"script":"return (function isElementDisplayed(element) {\n    function nodeIsElement(node) {\n        if (!node) {\n            return false;\n        }\n        switch (node.nodeType) {\n            case Node.ELEMEN ... (7807 more bytes)","args":[{"element-6066-11e4-a52e-4f735466cecf":"12FA815EFF60F285BC537F8F8EEEF739_element_53","ELEMENT":"12FA815EFF60F285BC537F8F8EEEF739_element_53"}]}
RESULT: {"script":"return (function isElementDisplayed(element) {\n    function nodeIsElement(node) {\n        if (!node) {\n            return false;\n        }\n        switch (node.nodeType) {\n            case Node.ELEMEN ... (7807 more bytes)","args":[{"element-6066-11e4-a52e-4f735466cecf":"12FA815EFF60F285BC537F8F8EEEF739_element_53","ELEMENT":"12FA815EFF60F285BC537F8F8EEEF739_element_53"}]}
COMMAND: POST /session/7c7d8e6a95baec45f5dec55fedde9899/element - {"using":"css selector","value":"#plannerSiderBar"}
RESULT: {"using":"css selector","value":"#plannerSiderBar"}
COMMAND: POST /session/7c7d8e6a95baec45f5dec55fedde9899/element/12FA815EFF60F285BC537F8F8EEEF739_element_52/element - {"using":"css selector","value":"[routerlink='/doctors']"}
RESULT: {"using":"css selector","value":"[routerlink='/doctors']"}
COMMAND: POST /session/7c7d8e6a95baec45f5dec55fedde9899/element/12FA815EFF60F285BC537F8F8EEEF739_element_53/click - {}
RESULT: {}
COMMAND: POST /session/7c7d8e6a95baec45f5dec55fedde9899/element - {"using":"css selector","value":".specialization-types"}
RESULT: {"using":"css selector","value":".specialization-types"}
COMMAND: POST /session/7c7d8e6a95baec45f5dec55fedde9899/element/12FA815EFF60F285BC537F8F8EEEF739_element_72/element - {"using":"css selector","value":"button.e-control"}
RESULT: {"using":"css selector","value":"button.e-control"}
COMMAND: POST /session/7c7d8e6a95baec45f5dec55fedde9899/element/12FA815EFF60F285BC537F8F8EEEF739_element_70/click - {}
RESULT: {}
COMMAND: POST /session/7c7d8e6a95baec45f5dec55fedde9899/element - {"using":"css selector","value":".new-doctor-dialog"}
RESULT: {"using":"css selector","value":".new-doctor-dialog"}
COMMAND: POST /session/7c7d8e6a95baec45f5dec55fedde9899/element/12FA815EFF60F285BC537F8F8EEEF739_element_74/element - {"using":"css selector","value":"[name='Name']"}
RESULT: {"using":"css selector","value":"[name='Name']"}
COMMAND: POST /session/7c7d8e6a95baec45f5dec55fedde9899/element/12FA815EFF60F285BC537F8F8EEEF739_element_73/clear - {}
RESULT: {}
COMMAND: POST /session/7c7d8e6a95baec45f5dec55fedde9899/element/12FA815EFF60F285BC537F8F8EEEF739_element_73/value - {"text":"John Doe"}
RESULT: {"text":"John Doe"}
COMMAND: POST /session/7c7d8e6a95baec45f5dec55fedde9899/element - {"using":"css selector","value":".new-doctor-dialog"}
RESULT: {"using":"css selector","value":".new-doctor-dialog"}
COMMAND: POST /session/7c7d8e6a95baec45f5dec55fedde9899/element/12FA815EFF60F285BC537F8F8EEEF739_element_74/element - {"using":"css selector","value":"#DoctorMobile"}
RESULT: {"using":"css selector","value":"#DoctorMobile"}
COMMAND: POST /session/7c7d8e6a95baec45f5dec55fedde9899/element/12FA815EFF60F285BC537F8F8EEEF739_element_76/clear - {}
RESULT: {}
COMMAND: POST /session/7c7d8e6a95baec45f5dec55fedde9899/element/12FA815EFF60F285BC537F8F8EEEF739_element_76/value - {"text":"1111111111"}
RESULT: {"text":"1111111111"}
COMMAND: POST /session/7c7d8e6a95baec45f5dec55fedde9899/element - {"using":"css selector","value":".new-doctor-dialog"}
RESULT: {"using":"css selector","value":".new-doctor-dialog"}
COMMAND: POST /session/7c7d8e6a95baec45f5dec55fedde9899/element/12FA815EFF60F285BC537F8F8EEEF739_element_74/element - {"using":"css selector","value":"[name='Email']"}
RESULT: {"using":"css selector","value":"[name='Email']"}
COMMAND: POST /session/7c7d8e6a95baec45f5dec55fedde9899/element/12FA815EFF60F285BC537F8F8EEEF739_element_84/clear - {}
RESULT: {}
COMMAND: POST /session/7c7d8e6a95baec45f5dec55fedde9899/element/12FA815EFF60F285BC537F8F8EEEF739_element_84/value - {"text":"test@test.com"}
RESULT: {"text":"test@test.com"}
COMMAND: POST /session/7c7d8e6a95baec45f5dec55fedde9899/element - {"using":"css selector","value":".new-doctor-dialog"}
RESULT: {"using":"css selector","value":".new-doctor-dialog"}
COMMAND: POST /session/7c7d8e6a95baec45f5dec55fedde9899/element/12FA815EFF60F285BC537F8F8EEEF739_element_74/element - {"using":"css selector","value":"[name='Education']"}
RESULT: {"using":"css selector","value":"[name='Education']"}
COMMAND: POST /session/7c7d8e6a95baec45f5dec55fedde9899/element/12FA815EFF60F285BC537F8F8EEEF739_element_86/clear - {}
RESULT: {}
COMMAND: POST /session/7c7d8e6a95baec45f5dec55fedde9899/element/12FA815EFF60F285BC537F8F8EEEF739_element_86/value - {"text":"Basic"}
RESULT: {"text":"Basic"}
COMMAND: POST /session/7c7d8e6a95baec45f5dec55fedde9899/element - {"using":"css selector","value":".new-doctor-dialog"}
RESULT: {"using":"css selector","value":".new-doctor-dialog"}
COMMAND: POST /session/7c7d8e6a95baec45f5dec55fedde9899/element/12FA815EFF60F285BC537F8F8EEEF739_element_74/element - {"using":"css selector","value":"[name='Designation']"}
RESULT: {"using":"css selector","value":"[name='Designation']"}
COMMAND: POST /session/7c7d8e6a95baec45f5dec55fedde9899/element/12FA815EFF60F285BC537F8F8EEEF739_element_89/clear - {}
RESULT: {}
COMMAND: POST /session/7c7d8e6a95baec45f5dec55fedde9899/element/12FA815EFF60F285BC537F8F8EEEF739_element_89/value - {"text":"Test"}
RESULT: {"text":"Test"}
COMMAND: POST /session/7c7d8e6a95baec45f5dec55fedde9899/element - {"using":"css selector","value":".new-doctor-dialog"}
RESULT: {"using":"css selector","value":".new-doctor-dialog"}
COMMAND: POST /session/7c7d8e6a95baec45f5dec55fedde9899/element/12FA815EFF60F285BC537F8F8EEEF739_element_74/element - {"using":"css selector","value":"button.e-primary"}
RESULT: {"using":"css selector","value":"button.e-primary"}
COMMAND: POST /session/7c7d8e6a95baec45f5dec55fedde9899/element/12FA815EFF60F285BC537F8F8EEEF739_element_91/click - {}
RESULT: {}
COMMAND: POST /session/7c7d8e6a95baec45f5dec55fedde9899/element - {"using":"css selector","value":".new-doctor-dialog"}
RESULT: {"using":"css selector","value":".new-doctor-dialog"}
COMMAND: POST /session/7c7d8e6a95baec45f5dec55fedde9899/execute/sync - {"script":"return (function isElementDisplayed(element) {\n    function nodeIsElement(node) {\n        if (!node) {\n            return false;\n        }\n        switch (node.nodeType) {\n            case Node.ELEMEN ... (7807 more bytes)","args":[{"element-6066-11e4-a52e-4f735466cecf":"12FA815EFF60F285BC537F8F8EEEF739_element_74","ELEMENT":"12FA815EFF60F285BC537F8F8EEEF739_element_74"}]}
RESULT: {"script":"return (function isElementDisplayed(element) {\n    function nodeIsElement(node) {\n        if (!node) {\n            return false;\n        }\n        switch (node.nodeType) {\n            case Node.ELEMEN ... (7807 more bytes)","args":[{"element-6066-11e4-a52e-4f735466cecf":"12FA815EFF60F285BC537F8F8EEEF739_element_74","ELEMENT":"12FA815EFF60F285BC537F8F8EEEF739_element_74"}]}
COMMAND: POST /session/7c7d8e6a95baec45f5dec55fedde9899/element - {"using":"css selector","value":"#Specialist_8"}
RESULT: {"using":"css selector","value":"#Specialist_8"}
COMMAND: POST /session/7c7d8e6a95baec45f5dec55fedde9899/element/12FA815EFF60F285BC537F8F8EEEF739_element_93/element - {"using":"css selector","value":".name"}
RESULT: {"using":"css selector","value":".name"}
COMMAND: GET /session/7c7d8e6a95baec45f5dec55fedde9899/element/12FA815EFF60F285BC537F8F8EEEF739_element_94/text - {}
RESULT: {}
COMMAND: POST /session/7c7d8e6a95baec45f5dec55fedde9899/element - {"using":"css selector","value":"#Specialist_8"}
RESULT: {"using":"css selector","value":"#Specialist_8"}
COMMAND: POST /session/7c7d8e6a95baec45f5dec55fedde9899/element/12FA815EFF60F285BC537F8F8EEEF739_element_93/element - {"using":"css selector","value":".education"}
RESULT: {"using":"css selector","value":".education"}
COMMAND: GET /session/7c7d8e6a95baec45f5dec55fedde9899/element/12FA815EFF60F285BC537F8F8EEEF739_element_95/text - {}
RESULT: {}
]]></system-out>
    </testcase>
    <testcase classname="chrome.113_0_5672_127.windows.Module_7:_Advanced_Configuration" name="should close modal" time="0.375">
      <system-out><![CDATA[
COMMAND: POST /session/7c7d8e6a95baec45f5dec55fedde9899/url - {"url":"https://ej2.syncfusion.com/showcase/angular/appointmentplanner/#/dashboard"}
RESULT: {"url":"https://ej2.syncfusion.com/showcase/angular/appointmentplanner/#/dashboard"}
COMMAND: POST /session/7c7d8e6a95baec45f5dec55fedde9899/element - {"using":"css selector","value":"#plannerSiderBar"}
RESULT: {"using":"css selector","value":"#plannerSiderBar"}
COMMAND: POST /session/7c7d8e6a95baec45f5dec55fedde9899/element/12FA815EFF60F285BC537F8F8EEEF739_element_52/element - {"using":"css selector","value":"[routerlink='/doctors']"}
RESULT: {"using":"css selector","value":"[routerlink='/doctors']"}
COMMAND: POST /session/7c7d8e6a95baec45f5dec55fedde9899/execute/sync - {"script":"return (function isElementDisplayed(element) {\n    function nodeIsElement(node) {\n        if (!node) {\n            return false;\n        }\n        switch (node.nodeType) {\n            case Node.ELEMEN ... (7807 more bytes)","args":[{"element-6066-11e4-a52e-4f735466cecf":"12FA815EFF60F285BC537F8F8EEEF739_element_53","ELEMENT":"12FA815EFF60F285BC537F8F8EEEF739_element_53"}]}
RESULT: {"script":"return (function isElementDisplayed(element) {\n    function nodeIsElement(node) {\n        if (!node) {\n            return false;\n        }\n        switch (node.nodeType) {\n            case Node.ELEMEN ... (7807 more bytes)","args":[{"element-6066-11e4-a52e-4f735466cecf":"12FA815EFF60F285BC537F8F8EEEF739_element_53","ELEMENT":"12FA815EFF60F285BC537F8F8EEEF739_element_53"}]}
COMMAND: POST /session/7c7d8e6a95baec45f5dec55fedde9899/element - {"using":"css selector","value":"#plannerSiderBar"}
RESULT: {"using":"css selector","value":"#plannerSiderBar"}
COMMAND: POST /session/7c7d8e6a95baec45f5dec55fedde9899/element/12FA815EFF60F285BC537F8F8EEEF739_element_52/element - {"using":"css selector","value":"[routerlink='/doctors']"}
RESULT: {"using":"css selector","value":"[routerlink='/doctors']"}
COMMAND: POST /session/7c7d8e6a95baec45f5dec55fedde9899/element/12FA815EFF60F285BC537F8F8EEEF739_element_53/click - {}
RESULT: {}
COMMAND: POST /session/7c7d8e6a95baec45f5dec55fedde9899/element - {"using":"css selector","value":".specialization-types"}
RESULT: {"using":"css selector","value":".specialization-types"}
COMMAND: POST /session/7c7d8e6a95baec45f5dec55fedde9899/element/12FA815EFF60F285BC537F8F8EEEF739_element_101/element - {"using":"css selector","value":"button.e-control"}
RESULT: {"using":"css selector","value":"button.e-control"}
COMMAND: POST /session/7c7d8e6a95baec45f5dec55fedde9899/element/12FA815EFF60F285BC537F8F8EEEF739_element_99/click - {}
RESULT: {}
COMMAND: POST /session/7c7d8e6a95baec45f5dec55fedde9899/element - {"using":"css selector","value":".new-doctor-dialog"}
RESULT: {"using":"css selector","value":".new-doctor-dialog"}
COMMAND: POST /session/7c7d8e6a95baec45f5dec55fedde9899/element/12FA815EFF60F285BC537F8F8EEEF739_element_103/element - {"using":"css selector","value":".button-container button.e-btn:not(.e-primary)"}
RESULT: {"using":"css selector","value":".button-container button.e-btn:not(.e-primary)"}
COMMAND: POST /session/7c7d8e6a95baec45f5dec55fedde9899/element/12FA815EFF60F285BC537F8F8EEEF739_element_104/click - {}
RESULT: {}
COMMAND: POST /session/7c7d8e6a95baec45f5dec55fedde9899/element - {"using":"css selector","value":".new-doctor-dialog"}
RESULT: {"using":"css selector","value":".new-doctor-dialog"}
COMMAND: POST /session/7c7d8e6a95baec45f5dec55fedde9899/execute/sync - {"script":"return (function isElementDisplayed(element) {\n    function nodeIsElement(node) {\n        if (!node) {\n            return false;\n        }\n        switch (node.nodeType) {\n            case Node.ELEMEN ... (7807 more bytes)","args":[{"element-6066-11e4-a52e-4f735466cecf":"12FA815EFF60F285BC537F8F8EEEF739_element_103","ELEMENT":"12FA815EFF60F285BC537F8F8EEEF739_element_103"}]}
RESULT: {"script":"return (function isElementDisplayed(element) {\n    function nodeIsElement(node) {\n        if (!node) {\n            return false;\n        }\n        switch (node.nodeType) {\n            case Node.ELEMEN ... (7807 more bytes)","args":[{"element-6066-11e4-a52e-4f735466cecf":"12FA815EFF60F285BC537F8F8EEEF739_element_103","ELEMENT":"12FA815EFF60F285BC537F8F8EEEF739_element_103"}]}
COMMAND: DELETE /session/7c7d8e6a95baec45f5dec55fedde9899 - {}
RESULT: {}
]]></system-out>
    </testcase>
  </testsuite>
</testsuites>